<?xml version="1.0" encoding="UTF-8"?>
<!-- Generated by org.testng.reporters.JUnitReportReporter -->
<testsuite skipped="0" hostname="LPTIN-BMQM882" name="AppTest" tests="1" failures="0" timestamp="2021-12-11T20:42:16 IST" time="0.000" errors="0">
  <testcase name="shouldAnswerWithTrue" time="0.000" classname="AppTest"/>
  <system-out/>
</testsuite> <!-- AppTest -->
